{
"src\\app\\modules\\+home\\services\\features\\features.service.ts":{"path":"src\\app\\modules\\+home\\services\\features\\features.service.ts","statementMap":{"1":{"start":{"line":1,"column":0},"end":{"line":1,"column":43}},"2":{"start":{"line":2,"column":0},"end":{"line":2,"column":43}},"3":{"start":{"line":6,"column":0},"end":{"line":11,"column":1}},"4":{"start":{"line":8,"column":2},"end":{"line":10,"column":3}},"5":{"start":{"line":9,"column":6},"end":{"line":9,"column":22}},"6":{"start":{"line":5,"column":0},"end":{"line":5,"column":13}},"7":{"start":{"line":11,"column":0},"end":{"line":11,"column":1}},"8":{"start":{"line":6,"column":13},"end":{"line":11,"column":1}}},"fnMap":{"1":{"name":"(anonymous_1)","line":6,"loc":{"start":{"line":6,"column":0},"end":{"line":null,"column":-1}}},"2":{"name":"(anonymous_3)","line":8,"loc":{"start":{"line":8,"column":2},"end":{"line":null,"column":-1}}}},"branchMap":{},"s":{"1":1,"2":1,"3":2,"4":1,"5":1,"6":1,"7":1,"8":1},"b":{},"f":{"1":3,"2":1},"l":{"1":1,"2":1,"5":1,"6":2,"8":1,"9":1,"11":1}},
"src\\app\\modules\\+home\\services\\features\\mock-features.ts":{"path":"src\\app\\modules\\+home\\services\\features\\mock-features.ts","statementMap":{"1":{"start":{"line":3,"column":11},"end":{"line":49,"column":2}}},"fnMap":{},"branchMap":{},"s":{"1":1},"b":{},"f":{},"l":{"3":1}},
"src\\app\\modules\\+home\\services\\techs\\techs.service.ts":{"path":"src\\app\\modules\\+home\\services\\techs\\techs.service.ts","statementMap":{"1":{"start":{"line":1,"column":0},"end":{"line":1,"column":43}},"2":{"start":{"line":2,"column":0},"end":{"line":2,"column":37}},"3":{"start":{"line":6,"column":0},"end":{"line":11,"column":1}},"4":{"start":{"line":8,"column":2},"end":{"line":10,"column":3}},"5":{"start":{"line":9,"column":6},"end":{"line":9,"column":19}},"6":{"start":{"line":5,"column":0},"end":{"line":5,"column":13}},"7":{"start":{"line":11,"column":0},"end":{"line":11,"column":1}},"8":{"start":{"line":6,"column":13},"end":{"line":11,"column":1}}},"fnMap":{"1":{"name":"(anonymous_1)","line":6,"loc":{"start":{"line":6,"column":0},"end":{"line":null,"column":-1}}},"2":{"name":"(anonymous_3)","line":8,"loc":{"start":{"line":8,"column":2},"end":{"line":null,"column":-1}}}},"branchMap":{},"s":{"1":1,"2":1,"3":2,"4":1,"5":1,"6":1,"7":1,"8":1},"b":{},"f":{"1":3,"2":1},"l":{"1":1,"2":1,"5":1,"6":2,"8":1,"9":1,"11":1}},
"src\\app\\modules\\+home\\services\\techs\\mock-techs.ts":{"path":"src\\app\\modules\\+home\\services\\techs\\mock-techs.ts","statementMap":{"1":{"start":{"line":3,"column":11},"end":{"line":49,"column":2}}},"fnMap":{},"branchMap":{},"s":{"1":1},"b":{},"f":{},"l":{"3":1}},
"src\\app\\modules\\+home\\components\\home\\home.component.ts":{"path":"src\\app\\modules\\+home\\components\\home\\home.component.ts","statementMap":{"1":{"start":{"line":1,"column":0},"end":{"line":1,"column":42}},"2":{"start":{"line":3,"column":0},"end":{"line":3,"column":75}},"3":{"start":{"line":5,"column":0},"end":{"line":5,"column":66}},"4":{"start":{"line":22,"column":0},"end":{"line":39,"column":1}},"5":{"start":{"line":28,"column":2},"end":{"line":30,"column":4}},"6":{"start":{"line":28,"column":22},"end":{"line":28,"column":54}},"7":{"start":{"line":28,"column":64},"end":{"line":28,"column":90}},"8":{"start":{"line":26,"column":2},"end":{"line":26,"column":30}},"9":{"start":{"line":29,"column":4},"end":{"line":29,"column":28}},"10":{"start":{"line":32,"column":2},"end":{"line":37,"column":3}},"11":{"start":{"line":33,"column":4},"end":{"line":33,"column":32}},"12":{"start":{"line":34,"column":4},"end":{"line":34,"column":31}},"13":{"start":{"line":35,"column":4},"end":{"line":35,"column":55}},"14":{"start":{"line":36,"column":4},"end":{"line":36,"column":46}},"15":{"start":{"line":7,"column":0},"end":{"line":21,"column":2}},"16":{"start":{"line":39,"column":0},"end":{"line":39,"column":1}},"17":{"start":{"line":22,"column":13},"end":{"line":39,"column":1}}},"fnMap":{"1":{"name":"(anonymous_1)","line":22,"loc":{"start":{"line":22,"column":0},"end":{"line":null,"column":-1}}},"2":{"name":"HomeComponent","line":28,"loc":{"start":{"line":28,"column":2},"end":{"line":28,"column":90}}},"3":{"name":"(anonymous_3)","line":32,"loc":{"start":{"line":32,"column":2},"end":{"line":null,"column":-1}}}},"branchMap":{},"s":{"1":1,"2":1,"3":1,"4":1,"5":1,"6":2,"7":2,"8":2,"9":2,"10":1,"11":1,"12":1,"13":1,"14":1,"15":1,"16":1,"17":1},"b":{},"f":{"1":1,"2":2,"3":1},"l":{"1":1,"3":1,"5":1,"7":1,"22":1,"26":2,"28":2,"29":2,"32":1,"33":1,"34":1,"35":1,"36":1,"39":1}},
"src\\app\\shell\\shell.component.ts":{"path":"src\\app\\shell\\shell.component.ts","statementMap":{"1":{"start":{"line":4,"column":0},"end":{"line":4,"column":61}},"2":{"start":{"line":17,"column":0},"end":{"line":27,"column":1}},"3":{"start":{"line":20,"column":2},"end":{"line":22,"column":3}},"4":{"start":{"line":21,"column":4},"end":{"line":21,"column":25}},"5":{"start":{"line":24,"column":2},"end":{"line":25,"column":3}},"6":{"start":{"line":10,"column":0},"end":{"line":15,"column":2}},"7":{"start":{"line":27,"column":0},"end":{"line":27,"column":1}},"8":{"start":{"line":17,"column":13},"end":{"line":27,"column":1}}},"fnMap":{"1":{"name":"(anonymous_1)","line":17,"loc":{"start":{"line":17,"column":0},"end":{"line":null,"column":-1}}},"2":{"name":"ShellComponent","line":20,"loc":{"start":{"line":20,"column":2},"end":{"line":null,"column":-1}}},"3":{"name":"(anonymous_3)","line":24,"loc":{"start":{"line":24,"column":2},"end":{"line":null,"column":-1}}}},"branchMap":{},"s":{"1":1,"2":1,"3":1,"4":1,"5":1,"6":1,"7":1,"8":1},"b":{},"f":{"1":1,"2":1,"3":0},"l":{"4":1,"10":1,"17":1,"20":1,"21":1,"24":1,"27":1}}}
