{
"src\\app\\modules\\+home\\home.component.ts":{"path":"src\\app\\modules\\+home\\home.component.ts","statementMap":{"1":{"start":{"line":1,"column":0},"end":{"line":1,"column":42}},"2":{"start":{"line":16,"column":0},"end":{"line":30,"column":1}},"3":{"start":{"line":21,"column":2},"end":{"line":23,"column":3}},"4":{"start":{"line":22,"column":4},"end":{"line":22,"column":24}},"5":{"start":{"line":25,"column":2},"end":{"line":28,"column":3}},"6":{"start":{"line":26,"column":4},"end":{"line":26,"column":42}},"7":{"start":{"line":3,"column":0},"end":{"line":15,"column":2}},"8":{"start":{"line":30,"column":0},"end":{"line":30,"column":1}},"9":{"start":{"line":16,"column":13},"end":{"line":30,"column":1}}},"fnMap":{"1":{"name":"(anonymous_1)","line":16,"loc":{"start":{"line":16,"column":0},"end":{"line":null,"column":-1}}},"2":{"name":"HomeComponent","line":21,"loc":{"start":{"line":21,"column":2},"end":{"line":null,"column":-1}}},"3":{"name":"(anonymous_3)","line":25,"loc":{"start":{"line":25,"column":2},"end":{"line":null,"column":-1}}}},"branchMap":{},"s":{"1":1,"2":1,"3":1,"4":2,"5":1,"6":1,"7":1,"8":1,"9":1},"b":{},"f":{"1":1,"2":2,"3":1},"l":{"1":1,"3":1,"16":1,"21":1,"22":2,"25":1,"26":1,"30":1}},
"src\\app\\shell\\shell.component.ts":{"path":"src\\app\\shell\\shell.component.ts","statementMap":{"1":{"start":{"line":4,"column":0},"end":{"line":4,"column":61}},"2":{"start":{"line":17,"column":0},"end":{"line":27,"column":1}},"3":{"start":{"line":20,"column":2},"end":{"line":22,"column":3}},"4":{"start":{"line":21,"column":4},"end":{"line":21,"column":25}},"5":{"start":{"line":24,"column":2},"end":{"line":25,"column":3}},"6":{"start":{"line":10,"column":0},"end":{"line":15,"column":2}},"7":{"start":{"line":27,"column":0},"end":{"line":27,"column":1}},"8":{"start":{"line":17,"column":13},"end":{"line":27,"column":1}}},"fnMap":{"1":{"name":"(anonymous_1)","line":17,"loc":{"start":{"line":17,"column":0},"end":{"line":null,"column":-1}}},"2":{"name":"ShellComponent","line":20,"loc":{"start":{"line":20,"column":2},"end":{"line":null,"column":-1}}},"3":{"name":"(anonymous_3)","line":24,"loc":{"start":{"line":24,"column":2},"end":{"line":null,"column":-1}}}},"branchMap":{},"s":{"1":1,"2":1,"3":1,"4":1,"5":1,"6":1,"7":1,"8":1},"b":{},"f":{"1":1,"2":1,"3":0},"l":{"4":1,"10":1,"17":1,"20":1,"21":1,"24":1,"27":1}}}
